The target system is: Generic - 3.3.99 - arm
The host system is: Linux - 6.2.0-34-generic - x86_64
Compiling the C compiler identification source file "CMakeCCompilerId.c" succeeded.
Compiler: /home/mtp/ncs/toolchains/1f9b40e71a/opt/zephyr-sdk/arm-zephyr-eabi/bin/arm-zephyr-eabi-gcc 
Build flags: 
Id flags: -c 

The output was:
0


Compilation of the C compiler identification source "CMakeCCompilerId.c" produced "CMakeCCompilerId.o"

The C compiler identification is GNU, found in "/home/mtp/nordic/my_apps/fund_less7_exer2/build/CMakeFiles/3.20.5/CompilerIdC/CMakeCCompilerId.o"

Compiling the CXX compiler identification source file "CMakeCXXCompilerId.cpp" succeeded.
Compiler: /home/mtp/ncs/toolchains/1f9b40e71a/opt/zephyr-sdk/arm-zephyr-eabi/bin/arm-zephyr-eabi-g++ 
Build flags: 
Id flags: -c 

The output was:
0


Compilation of the CXX compiler identification source "CMakeCXXCompilerId.cpp" produced "CMakeCXXCompilerId.o"

The CXX compiler identification is GNU, found in "/home/mtp/nordic/my_apps/fund_less7_exer2/build/CMakeFiles/3.20.5/CompilerIdCXX/CMakeCXXCompilerId.o"

Checking whether the ASM compiler is GNU using "--version" matched "(GNU assembler)|(GCC)|(Free Software Foundation)":
arm-zephyr-eabi-gcc (Zephyr SDK 0.16.0) 12.2.0
Copyright (C) 2022 Free Software Foundation, Inc.
This is free software; see the source for copying conditions.  There is NO
warranty; not even for MERCHANTABILITY or FITNESS FOR A PARTICULAR PURPOSE.

Performing C SOURCE FILE Test check_fmacro_prefix_map__home_mtp_nordic_my_apps_fund_less7_exer2_CMAKE_SOURCE_DIR_C__nostartfiles__nostdlib__isystem___home_mtp_ncs_toolchains_1f9b40e71a_opt_zephyr_sdk_arm_zephyr_eabi_bin____lib_gcc_arm_zephyr_eabi_12_2_0_include___isystem___home_mtp_ncs_toolchains_1f9b40e71a_opt_zephyr_sdk_arm_zephyr_eabi_bin____lib_gcc_arm_zephyr_eabi_12_2_0_include_fixed___Wl___unresolved_symbols_ignore_in_object_files__Wl___entry_0 succeeded with the following output:
Change Dir: /home/mtp/nordic/my_apps/fund_less7_exer2/build/CMakeFiles/CMakeTmp

Run Build Command(s):/home/mtp/ncs/toolchains/1f9b40e71a/usr/local/bin/ninja cmTC_51fe8 && [1/2] Building C object CMakeFiles/cmTC_51fe8.dir/src.c.obj
[2/2] Linking C executable cmTC_51fe8


Source file was:
int main(void) { return 0; }
